2022-09-16 14:39:52,582 | websocket connected
2022-09-16 14:39:56,308 | waiting_for_fill: False
2022-09-16 14:39:56,308 | should_add_to_positions: False
2022-09-16 14:39:56,308 | should_unwind_positions: False
2022-09-16 14:39:56,308 | total open size: 0
2022-09-16 14:39:56,308 | account size: 130
2022-09-16 14:39:56,308 | at_max_size: False
2022-09-16 14:39:56,308 | exposure: False
2022-09-16 14:39:56,308 | should increase spot: True
2022-09-16 14:39:56,309 | should increase perp: True
2022-09-16 14:39:56,309 | increase spot position
2022-09-16 14:39:56,309 | L420: Placing spot entry order:
2022-09-16 14:39:56,707 | increase perp position
2022-09-16 14:39:56,708 | L437: Placing perp entry order:
2022-09-16 14:39:56,957 | -----------------  ETH/USD  :  ETH-PERP  -----------------
2022-09-16 14:39:56,957 | Spot margin borrow APR:                    8.76
2022-09-16 14:39:56,957 | Perpetual funding APR:                     -14.016
2022-09-16 14:39:56,957 | Spot/perp basis %:                         0.04744
2022-09-16 14:39:56,957 | Spot is above Perpetual
2022-09-16 14:39:56,957 | Active positions: 0
2022-09-16 14:39:56,957 | Ticker ---- Direction ---- Avg. entry ---- Size ----  Fill count ---- 
2022-09-16 14:39:56,957 | 
2022-09-16 14:39:56,957 | Open orders:  0
2022-09-16 14:39:56,957 | Ticker ---- Direction ----- Price ---- Size ---- Status ----
2022-09-16 14:39:56,957 | 
2022-09-16 14:40:00,962 | Created a new order
2022-09-16 14:40:00,962 | Created a new order
2022-09-16 14:40:00,962 | Updating funding rates
2022-09-16 14:40:01,394 | waiting_for_fill: True
2022-09-16 14:40:01,395 | should_add_to_positions: True
2022-09-16 14:40:01,395 | should_unwind_positions: False
2022-09-16 14:40:01,395 | total open size: 0
2022-09-16 14:40:01,395 | account size: 130
2022-09-16 14:40:01,395 | at_max_size: False
2022-09-16 14:40:01,395 | exposure: None
2022-09-16 14:40:01,396 | -----------------  ETH/USD  :  ETH-PERP  -----------------
2022-09-16 14:40:01,396 | Spot margin borrow APR:                    8.76
2022-09-16 14:40:01,396 | Perpetual funding APR:                     -14.016
2022-09-16 14:40:01,396 | Spot/perp basis %:                         0.04744
2022-09-16 14:40:01,396 | Spot is above Perpetual
2022-09-16 14:40:01,396 | Active positions: 0
2022-09-16 14:40:01,396 | Ticker ---- Direction ---- Avg. entry ---- Size ----  Fill count ---- 
2022-09-16 14:40:01,396 | 
2022-09-16 14:40:01,397 | Open orders:  2
2022-09-16 14:40:01,397 | Ticker ---- Direction ----- Price ---- Size ---- Status ----
2022-09-16 14:40:01,397 | 
ETH/USD     sell           1476.0     0.015    new
ETH-PERP     buy           1475.1     0.015    new
2022-09-16 14:40:05,402 | waiting_for_fill: True
2022-09-16 14:40:05,402 | should_add_to_positions: True
2022-09-16 14:40:05,402 | should_unwind_positions: False
2022-09-16 14:40:05,402 | total open size: 0
2022-09-16 14:40:05,402 | account size: 130
2022-09-16 14:40:05,402 | at_max_size: False
2022-09-16 14:40:05,402 | exposure: None
2022-09-16 14:40:05,403 | -----------------  ETH/USD  :  ETH-PERP  -----------------
2022-09-16 14:40:05,403 | Spot margin borrow APR:                    8.76
2022-09-16 14:40:05,403 | Perpetual funding APR:                     -14.016
2022-09-16 14:40:05,403 | Spot/perp basis %:                         0.04744
2022-09-16 14:40:05,403 | Spot is above Perpetual
2022-09-16 14:40:05,403 | Active positions: 0
2022-09-16 14:40:05,403 | Ticker ---- Direction ---- Avg. entry ---- Size ----  Fill count ---- 
2022-09-16 14:40:05,403 | 
2022-09-16 14:40:05,403 | Open orders:  2
2022-09-16 14:40:05,403 | Ticker ---- Direction ----- Price ---- Size ---- Status ----
2022-09-16 14:40:05,404 | 
ETH/USD     sell           1476.0     0.015    new
ETH-PERP     buy           1475.1     0.015    new
2022-09-16 14:40:09,409 | creating new perp position
2022-09-16 14:40:09,409 | waiting_for_fill: False
2022-09-16 14:40:09,409 | should_add_to_positions: True
2022-09-16 14:40:09,409 | should_unwind_positions: False
2022-09-16 14:40:09,409 | total open size: 22.126499999999997
2022-09-16 14:40:09,409 | account size: 130
2022-09-16 14:40:09,409 | at_max_size: False
2022-09-16 14:40:09,409 | exposure: ['ETH/USD', 'sell', 'spot']
2022-09-16 14:40:09,409 | should increase spot: False
2022-09-16 14:40:09,409 | should increase perp: True
2022-09-16 14:40:09,410 | increase perp position
2022-09-16 14:40:09,410 | L437: Placing perp entry order:
2022-09-16 14:40:09,777 | cutoff price for open order: 1445.598
2022-09-16 14:40:09,777 | moving existing limit order
2022-09-16 14:40:10,219 | -----------------  ETH/USD  :  ETH-PERP  -----------------
2022-09-16 14:40:10,219 | Spot margin borrow APR:                    8.76
2022-09-16 14:40:10,219 | Perpetual funding APR:                     -14.016
2022-09-16 14:40:10,219 | Spot/perp basis %:                         0.04745
2022-09-16 14:40:10,219 | Spot is above Perpetual
2022-09-16 14:40:10,219 | Active positions: 1
2022-09-16 14:40:10,219 | Ticker ---- Direction ---- Avg. entry ---- Size ----  Fill count ---- 
2022-09-16 14:40:10,219 | 
ETH-PERP     buy             1475.1       0.015     1
2022-09-16 14:40:10,219 | Open orders:  1
2022-09-16 14:40:10,219 | Ticker ---- Direction ----- Price ---- Size ---- Status ----
2022-09-16 14:40:10,219 | 
ETH/USD     sell           1476.0     0.015    new
2022-09-16 14:40:14,233 | Cancelled an existing order
2022-09-16 14:40:14,233 | Created a new order
2022-09-16 14:40:14,233 | creating new spot position
2022-09-16 14:40:14,338 | waiting_for_fill: False
2022-09-16 14:40:14,338 | should_add_to_positions: True
2022-09-16 14:40:14,338 | should_unwind_positions: False
2022-09-16 14:40:14,338 | total open size: 44.26049999999999
2022-09-16 14:40:14,338 | account size: 130
2022-09-16 14:40:14,338 | at_max_size: False
2022-09-16 14:40:14,338 | exposure: None
2022-09-16 14:40:14,338 | should increase spot: True
2022-09-16 14:40:14,338 | should increase perp: False
2022-09-16 14:40:14,338 | increase spot position
2022-09-16 14:40:14,339 | L420: Placing spot entry order:
2022-09-16 14:40:14,977 | -----------------  ETH/USD  :  ETH-PERP  -----------------
2022-09-16 14:40:14,977 | Spot margin borrow APR:                    8.76
2022-09-16 14:40:14,977 | Perpetual funding APR:                     -14.016
2022-09-16 14:40:14,977 | Spot/perp basis %:                         0.04745
2022-09-16 14:40:14,977 | Spot is above Perpetual
2022-09-16 14:40:14,977 | Active positions: 2
2022-09-16 14:40:14,978 | Ticker ---- Direction ---- Avg. entry ---- Size ----  Fill count ---- 
2022-09-16 14:40:14,978 | 
ETH-PERP     buy             1475.1       0.015     1
ETH/USD     sell             1475.6       0.015     1
2022-09-16 14:40:14,978 | Open orders:  1
2022-09-16 14:40:14,978 | Ticker ---- Direction ----- Price ---- Size ---- Status ----
2022-09-16 14:40:14,978 | 
ETH-PERP     buy           1474.9     0.015    new
2022-09-16 14:40:18,983 | Created a new order
2022-09-16 14:40:18,983 | waiting_for_fill: True
2022-09-16 14:40:18,983 | should_add_to_positions: True
2022-09-16 14:40:18,983 | should_unwind_positions: False
2022-09-16 14:40:18,983 | total open size: 44.26049999999999
2022-09-16 14:40:18,983 | account size: 130
2022-09-16 14:40:18,983 | at_max_size: False
2022-09-16 14:40:18,984 | exposure: None
2022-09-16 14:40:18,984 | -----------------  ETH/USD  :  ETH-PERP  -----------------
2022-09-16 14:40:18,984 | Spot margin borrow APR:                    8.76
2022-09-16 14:40:18,984 | Perpetual funding APR:                     -14.016
2022-09-16 14:40:18,984 | Spot/perp basis %:                         0.04745
2022-09-16 14:40:18,984 | Spot is above Perpetual
2022-09-16 14:40:18,985 | Active positions: 2
2022-09-16 14:40:18,985 | Ticker ---- Direction ---- Avg. entry ---- Size ----  Fill count ---- 
2022-09-16 14:40:18,985 | 
ETH-PERP     buy             1475.1       0.015     1
ETH/USD     sell             1475.6       0.015     1
2022-09-16 14:40:18,986 | Open orders:  2
2022-09-16 14:40:18,986 | Ticker ---- Direction ----- Price ---- Size ---- Status ----
2022-09-16 14:40:18,986 | 
ETH-PERP     buy           1474.9     0.015    new
ETH/USD     sell           1475.8     0.015    new
2022-09-16 14:40:22,990 | waiting_for_fill: True
2022-09-16 14:40:22,990 | should_add_to_positions: True
2022-09-16 14:40:22,990 | should_unwind_positions: False
2022-09-16 14:40:22,990 | total open size: 44.26049999999999
2022-09-16 14:40:22,991 | account size: 130
2022-09-16 14:40:22,991 | at_max_size: False
2022-09-16 14:40:22,991 | exposure: None
2022-09-16 14:40:22,991 | -----------------  ETH/USD  :  ETH-PERP  -----------------
2022-09-16 14:40:22,991 | Spot margin borrow APR:                    8.76
2022-09-16 14:40:22,991 | Perpetual funding APR:                     -14.016
2022-09-16 14:40:22,991 | Spot/perp basis %:                         0.04745
2022-09-16 14:40:22,991 | Spot is above Perpetual
2022-09-16 14:40:22,991 | Active positions: 2
2022-09-16 14:40:22,992 | Ticker ---- Direction ---- Avg. entry ---- Size ----  Fill count ---- 
2022-09-16 14:40:22,992 | 
ETH-PERP     buy             1475.1       0.015     1
ETH/USD     sell             1475.6       0.015     1
2022-09-16 14:40:22,992 | Open orders:  2
2022-09-16 14:40:22,992 | Ticker ---- Direction ----- Price ---- Size ---- Status ----
2022-09-16 14:40:22,992 | 
ETH-PERP     buy           1474.9     0.015    new
ETH/USD     sell           1475.8     0.015    new
2022-09-16 14:40:26,994 | waiting_for_fill: True
2022-09-16 14:40:26,994 | should_add_to_positions: True
2022-09-16 14:40:26,994 | should_unwind_positions: False
2022-09-16 14:40:26,994 | total open size: 44.26049999999999
2022-09-16 14:40:26,995 | account size: 130
2022-09-16 14:40:26,995 | at_max_size: False
2022-09-16 14:40:26,995 | exposure: None
2022-09-16 14:40:26,995 | -----------------  ETH/USD  :  ETH-PERP  -----------------
2022-09-16 14:40:26,995 | Spot margin borrow APR:                    8.76
2022-09-16 14:40:26,995 | Perpetual funding APR:                     -14.016
2022-09-16 14:40:26,995 | Spot/perp basis %:                         0.04745
2022-09-16 14:40:26,995 | Spot is above Perpetual
2022-09-16 14:40:26,996 | Active positions: 2
2022-09-16 14:40:26,996 | Ticker ---- Direction ---- Avg. entry ---- Size ----  Fill count ---- 
2022-09-16 14:40:26,996 | 
ETH-PERP     buy             1475.1       0.015     1
ETH/USD     sell             1475.6       0.015     1
2022-09-16 14:40:26,996 | Open orders:  2
2022-09-16 14:40:26,996 | Ticker ---- Direction ----- Price ---- Size ---- Status ----
2022-09-16 14:40:26,996 | 
ETH-PERP     buy           1474.9     0.015    new
ETH/USD     sell           1475.8     0.015    new
2022-09-16 14:40:31,011 | waiting_for_fill: True
2022-09-16 14:40:31,011 | should_add_to_positions: True
2022-09-16 14:40:31,011 | should_unwind_positions: False
2022-09-16 14:40:31,011 | total open size: 44.26049999999999
2022-09-16 14:40:31,012 | account size: 130
2022-09-16 14:40:31,012 | at_max_size: False
2022-09-16 14:40:31,012 | exposure: None
2022-09-16 14:40:31,012 | -----------------  ETH/USD  :  ETH-PERP  -----------------
2022-09-16 14:40:31,012 | Spot margin borrow APR:                    8.76
2022-09-16 14:40:31,012 | Perpetual funding APR:                     -14.016
2022-09-16 14:40:31,012 | Spot/perp basis %:                         0.05422
2022-09-16 14:40:31,012 | Spot is above Perpetual
2022-09-16 14:40:31,013 | Active positions: 2
2022-09-16 14:40:31,013 | Ticker ---- Direction ---- Avg. entry ---- Size ----  Fill count ---- 
2022-09-16 14:40:31,013 | 
ETH-PERP     buy             1475.1       0.015     1
ETH/USD     sell             1475.6       0.015     1
2022-09-16 14:40:31,013 | Open orders:  2
2022-09-16 14:40:31,013 | Ticker ---- Direction ----- Price ---- Size ---- Status ----
2022-09-16 14:40:31,013 | 
ETH-PERP     buy           1474.9     0.015    new
ETH/USD     sell           1475.8     0.015    new
2022-09-16 14:40:35,019 | Increasing existing position
2022-09-16 14:40:35,019 | waiting_for_fill: False
2022-09-16 14:40:35,019 | should_add_to_positions: True
2022-09-16 14:40:35,019 | should_unwind_positions: False
2022-09-16 14:40:35,019 | total open size: 66.3975
2022-09-16 14:40:35,019 | account size: 130
2022-09-16 14:40:35,020 | at_max_size: False
2022-09-16 14:40:35,020 | exposure: ['ETH-PERP', 'buy', 'spot']
2022-09-16 14:40:35,020 | should increase spot: False
2022-09-16 14:40:35,020 | should increase perp: True
2022-09-16 14:40:35,020 | cutoff price for open order: 1505.214
2022-09-16 14:40:35,020 | moving existing limit order
2022-09-16 14:40:36,014 | -----------------  ETH/USD  :  ETH-PERP  -----------------
2022-09-16 14:40:36,014 | Spot margin borrow APR:                    8.76
2022-09-16 14:40:36,014 | Perpetual funding APR:                     -14.016
2022-09-16 14:40:36,014 | Spot/perp basis %:                         0.0542
2022-09-16 14:40:36,014 | Spot is above Perpetual
2022-09-16 14:40:36,014 | Active positions: 2
2022-09-16 14:40:36,014 | Ticker ---- Direction ---- Avg. entry ---- Size ----  Fill count ---- 
2022-09-16 14:40:36,014 | 
ETH-PERP     buy             1475.1       0.015     1
ETH/USD     sell             1475.7       0.03     2
2022-09-16 14:40:36,014 | Open orders:  1
2022-09-16 14:40:36,014 | Ticker ---- Direction ----- Price ---- Size ---- Status ----
2022-09-16 14:40:36,014 | 
ETH-PERP     buy           1474.9     0.015    new
2022-09-16 14:40:40,026 | Cancelled an existing order
2022-09-16 14:40:40,026 | Increasing existing position
2022-09-16 14:40:40,026 | waiting_for_fill: False
2022-09-16 14:40:40,027 | should_add_to_positions: True
2022-09-16 14:40:40,027 | should_unwind_positions: False
2022-09-16 14:40:40,027 | total open size: 88.533
2022-09-16 14:40:40,027 | account size: 130
2022-09-16 14:40:40,027 | at_max_size: False
2022-09-16 14:40:40,027 | exposure: None
2022-09-16 14:40:40,027 | should increase spot: True
2022-09-16 14:40:40,027 | should increase perp: True
2022-09-16 14:40:40,027 | increase spot position
2022-09-16 14:40:40,027 | L420: Placing spot entry order:
2022-09-16 14:40:40,289 | increase perp position
2022-09-16 14:40:40,289 | L437: Placing perp entry order:
2022-09-16 14:40:40,547 | -----------------  ETH/USD  :  ETH-PERP  -----------------
2022-09-16 14:40:40,547 | Spot margin borrow APR:                    8.76
2022-09-16 14:40:40,547 | Perpetual funding APR:                     -14.016
2022-09-16 14:40:40,547 | Spot/perp basis %:                         0.0542
2022-09-16 14:40:40,547 | Spot is above Perpetual
2022-09-16 14:40:40,548 | Active positions: 2
2022-09-16 14:40:40,548 | Ticker ---- Direction ---- Avg. entry ---- Size ----  Fill count ---- 
2022-09-16 14:40:40,548 | 
ETH-PERP     buy             1475.4       0.03     2
ETH/USD     sell             1475.7       0.03     2
2022-09-16 14:40:40,548 | Open orders:  0
2022-09-16 14:40:40,548 | Ticker ---- Direction ----- Price ---- Size ---- Status ----
2022-09-16 14:40:40,548 | 
2022-09-16 14:40:44,561 | Created a new order
2022-09-16 14:40:44,561 | Created a new order
2022-09-16 14:40:44,561 | waiting_for_fill: True
2022-09-16 14:40:44,561 | should_add_to_positions: True
2022-09-16 14:40:44,561 | should_unwind_positions: False
2022-09-16 14:40:44,561 | total open size: 88.533
2022-09-16 14:40:44,561 | account size: 130
2022-09-16 14:40:44,561 | at_max_size: False
2022-09-16 14:40:44,561 | exposure: None
2022-09-16 14:40:44,561 | moving existing limit order
2022-09-16 14:40:45,051 | -----------------  ETH/USD  :  ETH-PERP  -----------------
2022-09-16 14:40:45,051 | Spot margin borrow APR:                    8.76
2022-09-16 14:40:45,052 | Perpetual funding APR:                     -14.016
2022-09-16 14:40:45,052 | Spot/perp basis %:                         0.04742
2022-09-16 14:40:45,052 | Spot is above Perpetual
2022-09-16 14:40:45,052 | Active positions: 2
2022-09-16 14:40:45,052 | Ticker ---- Direction ---- Avg. entry ---- Size ----  Fill count ---- 
2022-09-16 14:40:45,052 | 
ETH-PERP     buy             1475.4       0.03     2
ETH/USD     sell             1475.7       0.03     2
2022-09-16 14:40:45,052 | Open orders:  2
2022-09-16 14:40:45,052 | Ticker ---- Direction ----- Price ---- Size ---- Status ----
2022-09-16 14:40:45,052 | 
ETH/USD     sell           1476.5     0.015    new
ETH-PERP     buy           1475.5     0.015    new
2022-09-16 14:40:49,065 | Increasing existing position
2022-09-16 14:40:49,065 | Cancelled an existing order
2022-09-16 14:40:49,065 | Created a new order
2022-09-16 14:40:49,066 | waiting_for_fill: True
2022-09-16 14:40:49,066 | should_add_to_positions: True
2022-09-16 14:40:49,066 | should_unwind_positions: False
2022-09-16 14:40:49,066 | total open size: 110.68065
2022-09-16 14:40:49,066 | account size: 130
2022-09-16 14:40:49,066 | at_max_size: False
2022-09-16 14:40:49,066 | exposure: ['ETH-PERP', 'buy', 'spot']
2022-09-16 14:40:49,066 | cutoff price for open order: 1505.4894
2022-09-16 14:40:49,066 | moving existing limit order
2022-09-16 14:40:49,606 | -----------------  ETH/USD  :  ETH-PERP  -----------------
2022-09-16 14:40:49,606 | Spot margin borrow APR:                    8.76
2022-09-16 14:40:49,606 | Perpetual funding APR:                     -14.016
2022-09-16 14:40:49,606 | Spot/perp basis %:                         0.04741
2022-09-16 14:40:49,606 | Spot is above Perpetual
2022-09-16 14:40:49,607 | Active positions: 2
2022-09-16 14:40:49,607 | Ticker ---- Direction ---- Avg. entry ---- Size ----  Fill count ---- 
2022-09-16 14:40:49,607 | 
ETH-PERP     buy             1475.4       0.03     2
ETH/USD     sell             1475.97       0.045     3
2022-09-16 14:40:49,607 | Open orders:  1
2022-09-16 14:40:49,607 | Ticker ---- Direction ----- Price ---- Size ---- Status ----
2022-09-16 14:40:49,607 | 
ETH-PERP     buy           1475.7     0.015    new
2022-09-16 14:40:53,617 | Cancelled an existing order
2022-09-16 14:40:53,617 | Increasing existing position
2022-09-16 14:40:53,617 | waiting_for_fill: False
2022-09-16 14:40:53,617 | should_add_to_positions: False
2022-09-16 14:40:53,617 | should_unwind_positions: False
2022-09-16 14:40:53,617 | total open size: 132.822
2022-09-16 14:40:53,617 | account size: 130
2022-09-16 14:40:53,617 | at_max_size: True
2022-09-16 14:40:53,617 | exposure: None
2022-09-16 14:40:53,618 | -----------------  ETH/USD  :  ETH-PERP  -----------------
2022-09-16 14:40:53,618 | Spot margin borrow APR:                    8.76
2022-09-16 14:40:53,618 | Perpetual funding APR:                     -14.016
2022-09-16 14:40:53,618 | Spot/perp basis %:                         0.0542
2022-09-16 14:40:53,618 | Spot is above Perpetual
2022-09-16 14:40:53,618 | Active positions: 2
2022-09-16 14:40:53,618 | Ticker ---- Direction ---- Avg. entry ---- Size ----  Fill count ---- 
2022-09-16 14:40:53,618 | 
ETH-PERP     buy             1475.63       0.045     3
ETH/USD     sell             1475.97       0.045     3
2022-09-16 14:40:53,618 | Open orders:  0
2022-09-16 14:40:53,618 | Ticker ---- Direction ----- Price ---- Size ---- Status ----
2022-09-16 14:40:53,618 | 
2022-09-16 14:40:57,625 | waiting_for_fill: False
2022-09-16 14:40:57,626 | should_add_to_positions: False
2022-09-16 14:40:57,626 | should_unwind_positions: False
2022-09-16 14:40:57,626 | total open size: 132.822
2022-09-16 14:40:57,626 | account size: 130
2022-09-16 14:40:57,626 | at_max_size: True
2022-09-16 14:40:57,626 | exposure: None
2022-09-16 14:40:57,626 | -----------------  ETH/USD  :  ETH-PERP  -----------------
2022-09-16 14:40:57,626 | Spot margin borrow APR:                    8.76
2022-09-16 14:40:57,626 | Perpetual funding APR:                     -14.016
2022-09-16 14:40:57,626 | Spot/perp basis %:                         0.0542
2022-09-16 14:40:57,626 | Spot is above Perpetual
2022-09-16 14:40:57,627 | Active positions: 2
2022-09-16 14:40:57,627 | Ticker ---- Direction ---- Avg. entry ---- Size ----  Fill count ---- 
2022-09-16 14:40:57,627 | 
ETH-PERP     buy             1475.63       0.045     3
ETH/USD     sell             1475.97       0.045     3
2022-09-16 14:40:57,627 | Open orders:  0
2022-09-16 14:40:57,627 | Ticker ---- Direction ----- Price ---- Size ---- Status ----
2022-09-16 14:40:57,627 | 
2022-09-16 14:41:01,629 | waiting_for_fill: False
2022-09-16 14:41:01,630 | should_add_to_positions: False
2022-09-16 14:41:01,630 | should_unwind_positions: False
2022-09-16 14:41:01,630 | total open size: 132.822
2022-09-16 14:41:01,630 | account size: 130
2022-09-16 14:41:01,630 | at_max_size: True
2022-09-16 14:41:01,630 | exposure: None
2022-09-16 14:41:01,630 | -----------------  ETH/USD  :  ETH-PERP  -----------------
2022-09-16 14:41:01,630 | Spot margin borrow APR:                    8.76
2022-09-16 14:41:01,630 | Perpetual funding APR:                     -14.016
2022-09-16 14:41:01,630 | Spot/perp basis %:                         0.0542
2022-09-16 14:41:01,630 | Spot is above Perpetual
2022-09-16 14:41:01,631 | Active positions: 2
2022-09-16 14:41:01,631 | Ticker ---- Direction ---- Avg. entry ---- Size ----  Fill count ---- 
2022-09-16 14:41:01,631 | 
ETH-PERP     buy             1475.63       0.045     3
ETH/USD     sell             1475.97       0.045     3
2022-09-16 14:41:01,631 | Open orders:  0
2022-09-16 14:41:01,631 | Ticker ---- Direction ----- Price ---- Size ---- Status ----
2022-09-16 14:41:01,631 | 
2022-09-16 14:41:05,636 | waiting_for_fill: False
2022-09-16 14:41:05,636 | should_add_to_positions: False
2022-09-16 14:41:05,636 | should_unwind_positions: False
2022-09-16 14:41:05,636 | total open size: 132.822
2022-09-16 14:41:05,636 | account size: 130
2022-09-16 14:41:05,636 | at_max_size: True
2022-09-16 14:41:05,636 | exposure: None
2022-09-16 14:41:05,637 | -----------------  ETH/USD  :  ETH-PERP  -----------------
2022-09-16 14:41:05,637 | Spot margin borrow APR:                    8.76
2022-09-16 14:41:05,637 | Perpetual funding APR:                     -14.016
2022-09-16 14:41:05,637 | Spot/perp basis %:                         0.0542
2022-09-16 14:41:05,637 | Spot is above Perpetual
2022-09-16 14:41:05,637 | Active positions: 2
2022-09-16 14:41:05,637 | Ticker ---- Direction ---- Avg. entry ---- Size ----  Fill count ---- 
2022-09-16 14:41:05,637 | 
ETH-PERP     buy             1475.63       0.045     3
ETH/USD     sell             1475.97       0.045     3
2022-09-16 14:41:05,637 | Open orders:  0
2022-09-16 14:41:05,637 | Ticker ---- Direction ----- Price ---- Size ---- Status ----
2022-09-16 14:41:05,637 | 
